********************************************************************************
*                             Initializing Cubiquity                           *
********************************************************************************
[08:10:09, Info   ]: Creating voxel database from 'C:/2-School/college/year02/Globe/Assets/StreamingAssets/Cubiquity/VoxelDatabases/Examples/Planet.vdb'
[08:47:07, Info   ]: Creating voxel database from 'C:/2-School/college/year02/Globe/Assets/StreamingAssets/Cubiquity/VoxelDatabases/Examples/Planet.vdb'
[08:57:38, Info   ]: Resizing compressed data buffer to 288486bytes. This should only happen once
[08:57:38, Info   ]: Creating voxel database from 'C:/2-School/college/year02/Globe/Assets/StreamingAssets/Cubiquity/VoxelDatabases/Examples/Planet.vdb'
[09:12:04, Info   ]: Creating voxel database from 'C:/2-School/college/year02/Globe/Assets/StreamingAssets/Cubiquity/VoxelDatabases/Examples/Planet.vdb'
[10:50:00, Info   ]: Resizing compressed data buffer to 288486bytes. This should only happen once
[10:50:00, Info   ]: Creating voxel database from 'C:/2-School/college/year02/Globe/Assets/StreamingAssets/Cubiquity/VoxelDatabases/Examples/Planet.vdb'
[10:50:02, Info   ]: Creating voxel database from 'C:/2-School/college/year02/Globe/Assets/StreamingAssets/Cubiquity/VoxelDatabases/Examples/Planet.vdb'
[10:53:02, Info   ]: Resizing compressed data buffer to 288486bytes. This should only happen once
[10:53:02, Info   ]: Creating voxel database from 'C:/2-School/college/year02/Globe/Assets/StreamingAssets/Cubiquity/VoxelDatabases/Examples/Planet.vdb'
[10:53:05, Info   ]: Creating voxel database from 'C:/2-School/college/year02/Globe/Assets/StreamingAssets/Cubiquity/VoxelDatabases/Examples/Planet.vdb'
[11:03:08, Info   ]: Resizing compressed data buffer to 288486bytes. This should only happen once
[11:03:09, Info   ]: Creating voxel database from 'C:/2-School/college/year02/Globe/Assets/StreamingAssets/Cubiquity/VoxelDatabases/Examples/Planet.vdb'
[11:03:11, Info   ]: Creating voxel database from 'C:/2-School/college/year02/Globe/Assets/StreamingAssets/Cubiquity/VoxelDatabases/Examples/Planet.vdb'
[11:05:46, Info   ]: Resizing compressed data buffer to 288486bytes. This should only happen once
[11:05:46, Info   ]: Creating voxel database from 'C:/2-School/college/year02/Globe/Assets/StreamingAssets/Cubiquity/VoxelDatabases/Examples/Planet.vdb'
[11:05:48, Info   ]: Creating voxel database from 'C:/2-School/college/year02/Globe/Assets/StreamingAssets/Cubiquity/VoxelDatabases/Examples/Planet.vdb'
[12:06:55, Info   ]: Resizing compressed data buffer to 288486bytes. This should only happen once
[12:06:58, Info   ]: Creating voxel database from 'C:/2-School/college/year02/Globe/Assets/StreamingAssets/Cubiquity/VoxelDatabases/Examples/Planet.vdb'
[12:06:59, Info   ]: Creating voxel database from 'C:/2-School/college/year02/Globe/Assets/StreamingAssets/Cubiquity/VoxelDatabases/Examples/Planet.vdb'
[12:07:08, Info   ]: Creating voxel database from 'C:/2-School/college/year02/Globe/Assets/StreamingAssets/Cubiquity/VoxelDatabases/Examples/Planet.vdb'
[12:08:12, Info   ]: Resizing compressed data buffer to 288486bytes. This should only happen once
[12:08:12, Info   ]: Creating voxel database from 'C:/2-School/college/year02/Globe/Assets/StreamingAssets/Cubiquity/VoxelDatabases/Examples/Planet.vdb'
[12:08:14, Info   ]: Creating voxel database from 'C:/2-School/college/year02/Globe/Assets/StreamingAssets/Cubiquity/VoxelDatabases/Examples/Planet.vdb'
[12:15:58, Info   ]: Creating empty voxel database as 'C:/2-School/college/year02/Globe/Assets/StreamingAssets/Cubiquity/VoxelDatabases/64F4A3AB.vdb'
[12:16:48, Info   ]: Resizing compressed data buffer to 144307bytes. This should only happen once
[12:18:31, Info   ]: Resizing compressed data buffer to 288486bytes. This should only happen once
********************************************************************************
*                             Shutting down Cubiquity                          *
********************************************************************************

